<?xml version="1.0" ?>
<coverage branch-rate="0" branches-covered="0" branches-valid="0" complexity="0" line-rate="0.8404" lines-covered="927" lines-valid="1103" timestamp="1561864092404" version="4.5.3">
	<!-- Generated by coverage.py: https://coverage.readthedocs.io -->
	<!-- Based on https://raw.githubusercontent.com/cobertura/web/master/htdocs/xml/coverage-04.dtd -->
	<sources>
		<source>C:\Users\kinve\code\lasio\lasio</source>
	</sources>
	<packages>
		<package branch-rate="0" complexity="0" line-rate="0.8404" name=".">
			<classes>
				<class branch-rate="0" complexity="0" filename="__init__.py" line-rate="0.8333" name="__init__.py">
					<methods/>
					<lines>
						<line hits="1" number="1"/>
						<line hits="1" number="3"/>
						<line hits="1" number="4"/>
						<line hits="1" number="5"/>
						<line hits="1" number="7"/>
						<line hits="1" number="8"/>
						<line hits="0" number="9"/>
						<line hits="0" number="10"/>
						<line hits="1" number="12"/>
						<line hits="1" number="15"/>
						<line hits="1" number="18"/>
						<line hits="1" number="41"/>
					</lines>
				</class>
				<class branch-rate="0" complexity="0" filename="defaults.py" line-rate="1" name="defaults.py">
					<methods/>
					<lines>
						<line hits="1" number="1"/>
						<line hits="1" number="3"/>
						<line hits="1" number="5"/>
						<line hits="1" number="10"/>
						<line hits="1" number="11"/>
						<line hits="1" number="42"/>
						<line hits="1" number="58"/>
						<line hits="1" number="63"/>
						<line hits="1" number="67"/>
						<line hits="1" number="74"/>
						<line hits="1" number="90"/>
					</lines>
				</class>
				<class branch-rate="0" complexity="0" filename="excel.py" line-rate="0.6136" name="excel.py">
					<methods/>
					<lines>
						<line hits="1" number="1"/>
						<line hits="1" number="2"/>
						<line hits="1" number="3"/>
						<line hits="1" number="4"/>
						<line hits="1" number="5"/>
						<line hits="1" number="7"/>
						<line hits="1" number="8"/>
						<line hits="1" number="10"/>
						<line hits="1" number="13"/>
						<line hits="1" number="22"/>
						<line hits="1" number="23"/>
						<line hits="1" number="25"/>
						<line hits="1" number="32"/>
						<line hits="1" number="33"/>
						<line hits="1" number="34"/>
						<line hits="1" number="36"/>
						<line hits="1" number="45"/>
						<line hits="1" number="46"/>
						<line hits="1" number="47"/>
						<line hits="1" number="48"/>
						<line hits="1" number="49"/>
						<line hits="1" number="51"/>
						<line hits="1" number="52"/>
						<line hits="1" number="53"/>
						<line hits="1" number="55"/>
						<line hits="1" number="56"/>
						<line hits="1" number="57"/>
						<line hits="1" number="58"/>
						<line hits="1" number="59"/>
						<line hits="1" number="61"/>
						<line hits="1" number="68"/>
						<line hits="1" number="69"/>
						<line hits="1" number="70"/>
						<line hits="1" number="71"/>
						<line hits="1" number="72"/>
						<line hits="1" number="73"/>
						<line hits="1" number="74"/>
						<line hits="1" number="75"/>
						<line hits="1" number="76"/>
						<line hits="1" number="78"/>
						<line hits="1" number="79"/>
						<line hits="1" number="80"/>
						<line hits="1" number="81"/>
						<line hits="0" number="82"/>
						<line hits="1" number="84"/>
						<line hits="1" number="86"/>
						<line hits="1" number="87"/>
						<line hits="1" number="89"/>
						<line hits="1" number="96"/>
						<line hits="1" number="98"/>
						<line hits="1" number="101"/>
						<line hits="0" number="102"/>
						<line hits="0" number="103"/>
						<line hits="0" number="104"/>
						<line hits="0" number="106"/>
						<line hits="0" number="107"/>
						<line hits="0" number="108"/>
						<line hits="1" number="111"/>
						<line hits="0" number="112"/>
						<line hits="0" number="114"/>
						<line hits="0" number="115"/>
						<line hits="0" number="116"/>
						<line hits="1" number="119"/>
						<line hits="0" number="120"/>
						<line hits="0" number="121"/>
						<line hits="0" number="122"/>
						<line hits="0" number="123"/>
						<line hits="0" number="124"/>
						<line hits="0" number="126"/>
						<line hits="0" number="128"/>
						<line hits="0" number="129"/>
						<line hits="0" number="130"/>
						<line hits="0" number="131"/>
						<line hits="0" number="132"/>
						<line hits="0" number="133"/>
						<line hits="0" number="134"/>
						<line hits="0" number="135"/>
						<line hits="0" number="136"/>
						<line hits="0" number="137"/>
						<line hits="1" number="141"/>
						<line hits="0" number="142"/>
						<line hits="0" number="144"/>
						<line hits="0" number="145"/>
						<line hits="0" number="146"/>
						<line hits="0" number="147"/>
						<line hits="0" number="148"/>
						<line hits="1" number="150"/>
						<line hits="0" number="151"/>
					</lines>
				</class>
				<class branch-rate="0" complexity="0" filename="exceptions.py" line-rate="1" name="exceptions.py">
					<methods/>
					<lines>
						<line hits="1" number="1"/>
						<line hits="1" number="4"/>
						<line hits="1" number="7"/>
						<line hits="1" number="10"/>
						<line hits="1" number="13"/>
						<line hits="1" number="16"/>
					</lines>
				</class>
				<class branch-rate="0" complexity="0" filename="las.py" line-rate="0.8517" name="las.py">
					<methods/>
					<lines>
						<line hits="1" number="1"/>
						<line hits="1" number="4"/>
						<line hits="1" number="5"/>
						<line hits="1" number="6"/>
						<line hits="1" number="7"/>
						<line hits="1" number="8"/>
						<line hits="1" number="9"/>
						<line hits="1" number="10"/>
						<line hits="1" number="11"/>
						<line hits="1" number="15"/>
						<line hits="1" number="16"/>
						<line hits="1" number="17"/>
						<line hits="1" number="19"/>
						<line hits="1" number="20"/>
						<line hits="0" number="23"/>
						<line hits="0" number="24"/>
						<line hits="1" number="28"/>
						<line hits="1" number="32"/>
						<line hits="1" number="33"/>
						<line hits="1" number="35"/>
						<line hits="1" number="36"/>
						<line hits="1" number="37"/>
						<line hits="1" number="39"/>
						<line hits="1" number="42"/>
						<line hits="1" number="64"/>
						<line hits="1" number="65"/>
						<line hits="1" number="66"/>
						<line hits="1" number="67"/>
						<line hits="1" number="68"/>
						<line hits="1" number="69"/>
						<line hits="1" number="77"/>
						<line hits="1" number="78"/>
						<line hits="1" number="80"/>
						<line hits="1" number="106"/>
						<line hits="1" number="108"/>
						<line hits="1" number="111"/>
						<line hits="1" number="112"/>
						<line hits="1" number="115"/>
						<line hits="1" number="116"/>
						<line hits="1" number="118"/>
						<line hits="1" number="119"/>
						<line hits="1" number="121"/>
						<line hits="1" number="122"/>
						<line hits="1" number="123"/>
						<line hits="1" number="124"/>
						<line hits="1" number="125"/>
						<line hits="1" number="127"/>
						<line hits="1" number="129"/>
						<line hits="1" number="131"/>
						<line hits="1" number="132"/>
						<line hits="1" number="134"/>
						<line hits="1" number="140"/>
						<line hits="1" number="141"/>
						<line hits="1" number="142"/>
						<line hits="1" number="143"/>
						<line hits="1" number="144"/>
						<line hits="1" number="146"/>
						<line hits="1" number="147"/>
						<line hits="1" number="148"/>
						<line hits="1" number="149"/>
						<line hits="1" number="150"/>
						<line hits="1" number="160"/>
						<line hits="1" number="161"/>
						<line hits="0" number="162"/>
						<line hits="0" number="163"/>
						<line hits="0" number="164"/>
						<line hits="0" number="166"/>
						<line hits="1" number="168"/>
						<line hits="1" number="169"/>
						<line hits="1" number="170"/>
						<line hits="1" number="172"/>
						<line hits="1" number="178"/>
						<line hits="1" number="179"/>
						<line hits="1" number="180"/>
						<line hits="1" number="181"/>
						<line hits="1" number="182"/>
						<line hits="1" number="184"/>
						<line hits="1" number="187"/>
						<line hits="1" number="190"/>
						<line hits="1" number="192"/>
						<line hits="1" number="193"/>
						<line hits="1" number="194"/>
						<line hits="1" number="195"/>
						<line hits="1" number="196"/>
						<line hits="1" number="197"/>
						<line hits="1" number="201"/>
						<line hits="1" number="202"/>
						<line hits="1" number="203"/>
						<line hits="1" number="204"/>
						<line hits="1" number="205"/>
						<line hits="1" number="206"/>
						<line hits="1" number="207"/>
						<line hits="1" number="208"/>
						<line hits="1" number="210"/>
						<line hits="1" number="211"/>
						<line hits="1" number="212"/>
						<line hits="1" number="213"/>
						<line hits="1" number="214"/>
						<line hits="0" number="215"/>
						<line hits="0" number="216"/>
						<line hits="1" number="217"/>
						<line hits="1" number="218"/>
						<line hits="1" number="219"/>
						<line hits="1" number="220"/>
						<line hits="0" number="221"/>
						<line hits="0" number="222"/>
						<line hits="1" number="224"/>
						<line hits="1" number="225"/>
						<line hits="1" number="226"/>
						<line hits="1" number="227"/>
						<line hits="1" number="228"/>
						<line hits="1" number="229"/>
						<line hits="1" number="231"/>
						<line hits="1" number="232"/>
						<line hits="1" number="233"/>
						<line hits="1" number="234"/>
						<line hits="1" number="235"/>
						<line hits="1" number="236"/>
						<line hits="1" number="237"/>
						<line hits="1" number="239"/>
						<line hits="1" number="240"/>
						<line hits="1" number="241"/>
						<line hits="1" number="242"/>
						<line hits="1" number="244"/>
						<line hits="1" number="245"/>
						<line hits="1" number="246"/>
						<line hits="1" number="247"/>
						<line hits="1" number="248"/>
						<line hits="1" number="249"/>
						<line hits="1" number="250"/>
						<line hits="1" number="251"/>
						<line hits="1" number="252"/>
						<line hits="1" number="254"/>
						<line hits="1" number="273"/>
						<line hits="1" number="274"/>
						<line hits="1" number="275"/>
						<line hits="1" number="276"/>
						<line hits="1" number="277"/>
						<line hits="1" number="278"/>
						<line hits="1" number="279"/>
						<line hits="1" number="281"/>
						<line hits="1" number="291"/>
						<line hits="1" number="292"/>
						<line hits="1" number="293"/>
						<line hits="1" number="295"/>
						<line hits="1" number="317"/>
						<line hits="1" number="318"/>
						<line hits="1" number="319"/>
						<line hits="1" number="320"/>
						<line hits="1" number="322"/>
						<line hits="1" number="323"/>
						<line hits="1" number="324"/>
						<line hits="1" number="326"/>
						<line hits="1" number="327"/>
						<line hits="1" number="328"/>
						<line hits="1" number="329"/>
						<line hits="1" number="331"/>
						<line hits="1" number="332"/>
						<line hits="1" number="333"/>
						<line hits="1" number="336"/>
						<line hits="1" number="337"/>
						<line hits="1" number="338"/>
						<line hits="1" number="339"/>
						<line hits="1" number="341"/>
						<line hits="1" number="342"/>
						<line hits="1" number="344"/>
						<line hits="1" number="345"/>
						<line hits="1" number="347"/>
						<line hits="1" number="363"/>
						<line hits="1" number="364"/>
						<line hits="1" number="365"/>
						<line hits="1" number="366"/>
						<line hits="1" number="367"/>
						<line hits="1" number="368"/>
						<line hits="0" number="369"/>
						<line hits="1" number="370"/>
						<line hits="1" number="371"/>
						<line hits="1" number="372"/>
						<line hits="1" number="374"/>
						<line hits="1" number="384"/>
						<line hits="1" number="385"/>
						<line hits="1" number="386"/>
						<line hits="1" number="388"/>
						<line hits="1" number="399"/>
						<line hits="1" number="400"/>
						<line hits="1" number="401"/>
						<line hits="1" number="402"/>
						<line hits="1" number="403"/>
						<line hits="1" number="405"/>
						<line hits="1" number="407"/>
						<line hits="1" number="418"/>
						<line hits="1" number="419"/>
						<line hits="1" number="420"/>
						<line hits="1" number="422"/>
						<line hits="1" number="425"/>
						<line hits="1" number="427"/>
						<line hits="1" number="429"/>
						<line hits="1" number="431"/>
						<line hits="0" number="433"/>
						<line hits="1" number="435"/>
						<line hits="0" number="437"/>
						<line hits="1" number="439"/>
						<line hits="0" number="440"/>
						<line hits="1" number="442"/>
						<line hits="0" number="443"/>
						<line hits="1" number="445"/>
						<line hits="0" number="446"/>
						<line hits="1" number="448"/>
						<line hits="1" number="456"/>
						<line hits="1" number="458"/>
						<line hits="0" number="460"/>
						<line hits="1" number="462"/>
						<line hits="1" number="470"/>
						<line hits="1" number="472"/>
						<line hits="0" number="474"/>
						<line hits="1" number="476"/>
						<line hits="1" number="484"/>
						<line hits="1" number="486"/>
						<line hits="0" number="488"/>
						<line hits="1" number="490"/>
						<line hits="0" number="498"/>
						<line hits="0" number="499"/>
						<line hits="0" number="500"/>
						<line hits="0" number="501"/>
						<line hits="1" number="503"/>
						<line hits="1" number="511"/>
						<line hits="1" number="513"/>
						<line hits="0" number="515"/>
						<line hits="1" number="517"/>
						<line hits="1" number="525"/>
						<line hits="1" number="527"/>
						<line hits="0" number="529"/>
						<line hits="1" number="531"/>
						<line hits="0" number="539"/>
						<line hits="0" number="540"/>
						<line hits="0" number="541"/>
						<line hits="0" number="542"/>
						<line hits="0" number="543"/>
						<line hits="1" number="545"/>
						<line hits="0" number="547"/>
						<line hits="1" number="549"/>
						<line hits="0" number="557"/>
						<line hits="1" number="559"/>
						<line hits="1" number="561"/>
						<line hits="1" number="562"/>
						<line hits="1" number="563"/>
						<line hits="1" number="564"/>
						<line hits="1" number="565"/>
						<line hits="1" number="566"/>
						<line hits="1" number="567"/>
						<line hits="1" number="568"/>
						<line hits="1" number="569"/>
						<line hits="1" number="570"/>
						<line hits="1" number="571"/>
						<line hits="1" number="572"/>
						<line hits="1" number="574"/>
						<line hits="1" number="576"/>
						<line hits="1" number="578"/>
						<line hits="0" number="580"/>
						<line hits="1" number="582"/>
						<line hits="1" number="597"/>
						<line hits="1" number="598"/>
						<line hits="0" number="599"/>
						<line hits="0" number="600"/>
						<line hits="1" number="602"/>
						<line hits="0" number="603"/>
						<line hits="1" number="605"/>
						<line hits="1" number="608"/>
						<line hits="0" number="609"/>
						<line hits="1" number="612"/>
						<line hits="1" number="613"/>
						<line hits="1" number="615"/>
						<line hits="1" number="616"/>
						<line hits="1" number="619"/>
						<line hits="0" number="620"/>
						<line hits="1" number="621"/>
						<line hits="1" number="623"/>
						<line hits="1" number="624"/>
						<line hits="1" number="625"/>
						<line hits="1" number="627"/>
						<line hits="1" number="629"/>
						<line hits="1" number="638"/>
						<line hits="1" number="639"/>
						<line hits="1" number="640"/>
						<line hits="1" number="641"/>
						<line hits="1" number="643"/>
						<line hits="1" number="648"/>
						<line hits="1" number="650"/>
						<line hits="1" number="653"/>
						<line hits="0" number="654"/>
						<line hits="1" number="655"/>
						<line hits="1" number="656"/>
						<line hits="1" number="658"/>
						<line hits="1" number="661"/>
						<line hits="1" number="664"/>
						<line hits="1" number="665"/>
						<line hits="0" number="666"/>
						<line hits="0" number="667"/>
						<line hits="0" number="669"/>
						<line hits="1" number="672"/>
						<line hits="1" number="678"/>
						<line hits="1" number="680"/>
						<line hits="0" number="682"/>
						<line hits="1" number="684"/>
						<line hits="1" number="691"/>
						<line hits="1" number="693"/>
						<line hits="1" number="701"/>
						<line hits="1" number="702"/>
						<line hits="1" number="704"/>
						<line hits="1" number="706"/>
						<line hits="1" number="708"/>
						<line hits="1" number="721"/>
						<line hits="1" number="723"/>
						<line hits="1" number="737"/>
						<line hits="1" number="738"/>
						<line hits="1" number="740"/>
						<line hits="1" number="750"/>
						<line hits="1" number="751"/>
						<line hits="1" number="752"/>
						<line hits="1" number="754"/>
						<line hits="0" number="757"/>
						<line hits="0" number="758"/>
						<line hits="0" number="759"/>
						<line hits="0" number="760"/>
						<line hits="0" number="761"/>
						<line hits="0" number="762"/>
						<line hits="0" number="763"/>
						<line hits="1" number="765"/>
						<line hits="0" number="767"/>
						<line hits="1" number="771"/>
						<line hits="1" number="778"/>
						<line hits="1" number="781"/>
						<line hits="1" number="783"/>
						<line hits="1" number="784"/>
						<line hits="1" number="785"/>
						<line hits="1" number="787"/>
						<line hits="1" number="788"/>
						<line hits="1" number="789"/>
						<line hits="1" number="791"/>
						<line hits="1" number="792"/>
						<line hits="1" number="793"/>
						<line hits="1" number="794"/>
						<line hits="1" number="795"/>
						<line hits="1" number="796"/>
					</lines>
				</class>
				<class branch-rate="0" complexity="0" filename="las_items.py" line-rate="0.7968" name="las_items.py">
					<methods/>
					<lines>
						<line hits="1" number="1"/>
						<line hits="1" number="2"/>
						<line hits="1" number="7"/>
						<line hits="1" number="8"/>
						<line hits="0" number="9"/>
						<line hits="0" number="10"/>
						<line hits="1" number="12"/>
						<line hits="1" number="14"/>
						<line hits="1" number="17"/>
						<line hits="1" number="31"/>
						<line hits="1" number="32"/>
						<line hits="1" number="39"/>
						<line hits="1" number="55"/>
						<line hits="1" number="57"/>
						<line hits="1" number="58"/>
						<line hits="1" number="59"/>
						<line hits="1" number="60"/>
						<line hits="1" number="62"/>
						<line hits="1" number="64"/>
						<line hits="1" number="65"/>
						<line hits="1" number="67"/>
						<line hits="1" number="69"/>
						<line hits="0" number="71"/>
						<line hits="1" number="73"/>
						<line hits="1" number="80"/>
						<line hits="1" number="82"/>
						<line hits="1" number="84"/>
						<line hits="0" number="85"/>
						<line hits="1" number="86"/>
						<line hits="0" number="87"/>
						<line hits="1" number="88"/>
						<line hits="0" number="89"/>
						<line hits="1" number="90"/>
						<line hits="0" number="91"/>
						<line hits="1" number="92"/>
						<line hits="1" number="93"/>
						<line hits="1" number="94"/>
						<line hits="1" number="95"/>
						<line hits="0" number="97"/>
						<line hits="1" number="100"/>
						<line hits="1" number="102"/>
						<line hits="1" number="108"/>
						<line hits="1" number="109"/>
						<line hits="1" number="111"/>
						<line hits="1" number="113"/>
						<line hits="1" number="114"/>
						<line hits="1" number="119"/>
						<line hits="1" number="120"/>
						<line hits="1" number="122"/>
						<line hits="1" number="124"/>
						<line hits="0" number="125"/>
						<line hits="1" number="127"/>
						<line hits="1" number="128"/>
						<line hits="1" number="131"/>
						<line hits="0" number="133"/>
						<line hits="1" number="141"/>
						<line hits="0" number="143"/>
						<line hits="1" number="146"/>
						<line hits="1" number="157"/>
						<line hits="1" number="158"/>
						<line hits="1" number="159"/>
						<line hits="1" number="160"/>
						<line hits="1" number="161"/>
						<line hits="1" number="163"/>
						<line hits="0" number="166"/>
						<line hits="1" number="168"/>
						<line hits="1" number="169"/>
						<line hits="1" number="175"/>
						<line hits="0" number="177"/>
						<line hits="1" number="186"/>
						<line hits="0" number="188"/>
						<line hits="1" number="191"/>
						<line hits="1" number="196"/>
						<line hits="1" number="197"/>
						<line hits="1" number="198"/>
						<line hits="1" number="200"/>
						<line hits="0" number="201"/>
						<line hits="0" number="202"/>
						<line hits="0" number="204"/>
						<line hits="0" number="206"/>
						<line hits="0" number="207"/>
						<line hits="0" number="208"/>
						<line hits="0" number="209"/>
						<line hits="0" number="210"/>
						<line hits="0" number="211"/>
						<line hits="0" number="212"/>
						<line hits="0" number="213"/>
						<line hits="0" number="214"/>
						<line hits="1" number="216"/>
						<line hits="1" number="217"/>
						<line hits="1" number="218"/>
						<line hits="1" number="219"/>
						<line hits="1" number="220"/>
						<line hits="1" number="221"/>
						<line hits="1" number="222"/>
						<line hits="1" number="224"/>
						<line hits="1" number="225"/>
						<line hits="1" number="226"/>
						<line hits="1" number="228"/>
						<line hits="1" number="238"/>
						<line hits="1" number="239"/>
						<line hits="1" number="240"/>
						<line hits="1" number="241"/>
						<line hits="0" number="242"/>
						<line hits="0" number="243"/>
						<line hits="1" number="244"/>
						<line hits="0" number="245"/>
						<line hits="1" number="247"/>
						<line hits="1" number="249"/>
						<line hits="1" number="251"/>
						<line hits="1" number="253"/>
						<line hits="1" number="255"/>
						<line hits="1" number="257"/>
						<line hits="0" number="259"/>
						<line hits="1" number="261"/>
						<line hits="0" number="262"/>
						<line hits="1" number="264"/>
						<line hits="0" number="265"/>
						<line hits="1" number="267"/>
						<line hits="0" number="268"/>
						<line hits="1" number="270"/>
						<line hits="0" number="272"/>
						<line hits="1" number="274"/>
						<line hits="1" number="284"/>
						<line hits="1" number="285"/>
						<line hits="1" number="286"/>
						<line hits="1" number="287"/>
						<line hits="1" number="288"/>
						<line hits="1" number="289"/>
						<line hits="1" number="290"/>
						<line hits="1" number="292"/>
						<line hits="1" number="294"/>
						<line hits="1" number="301"/>
						<line hits="1" number="302"/>
						<line hits="1" number="303"/>
						<line hits="1" number="304"/>
						<line hits="1" number="305"/>
						<line hits="1" number="306"/>
						<line hits="1" number="307"/>
						<line hits="0" number="309"/>
						<line hits="1" number="311"/>
						<line hits="1" number="338"/>
						<line hits="1" number="339"/>
						<line hits="1" number="341"/>
						<line hits="1" number="343"/>
						<line hits="1" number="358"/>
						<line hits="1" number="359"/>
						<line hits="1" number="360"/>
						<line hits="1" number="361"/>
						<line hits="1" number="362"/>
						<line hits="1" number="364"/>
						<line hits="1" number="369"/>
						<line hits="1" number="370"/>
						<line hits="1" number="372"/>
						<line hits="1" number="374"/>
						<line hits="1" number="385"/>
						<line hits="1" number="386"/>
						<line hits="1" number="392"/>
						<line hits="1" number="394"/>
						<line hits="1" number="396"/>
						<line hits="1" number="405"/>
						<line hits="1" number="407"/>
						<line hits="1" number="409"/>
						<line hits="1" number="410"/>
						<line hits="1" number="412"/>
						<line hits="1" number="414"/>
						<line hits="1" number="415"/>
						<line hits="1" number="417"/>
						<line hits="1" number="425"/>
						<line hits="1" number="426"/>
						<line hits="1" number="427"/>
						<line hits="1" number="429"/>
						<line hits="1" number="430"/>
						<line hits="1" number="431"/>
						<line hits="1" number="432"/>
						<line hits="1" number="433"/>
						<line hits="1" number="434"/>
						<line hits="1" number="435"/>
						<line hits="1" number="436"/>
						<line hits="1" number="437"/>
						<line hits="1" number="438"/>
						<line hits="1" number="441"/>
						<line hits="0" number="448"/>
						<line hits="1" number="450"/>
						<line hits="0" number="452"/>
						<line hits="1" number="455"/>
						<line hits="0" number="457"/>
					</lines>
				</class>
				<class branch-rate="0" complexity="0" filename="reader.py" line-rate="0.8581" name="reader.py">
					<methods/>
					<lines>
						<line hits="1" number="1"/>
						<line hits="1" number="2"/>
						<line hits="1" number="3"/>
						<line hits="1" number="4"/>
						<line hits="1" number="5"/>
						<line hits="1" number="6"/>
						<line hits="1" number="8"/>
						<line hits="1" number="10"/>
						<line hits="1" number="18"/>
						<line hits="1" number="19"/>
						<line hits="1" number="20"/>
						<line hits="1" number="21"/>
						<line hits="1" number="22"/>
						<line hits="1" number="23"/>
						<line hits="1" number="24"/>
						<line hits="0" number="26"/>
						<line hits="0" number="28"/>
						<line hits="1" number="30"/>
						<line hits="1" number="31"/>
						<line hits="1" number="32"/>
						<line hits="1" number="35"/>
						<line hits="1" number="37"/>
						<line hits="1" number="47"/>
						<line hits="1" number="65"/>
						<line hits="1" number="66"/>
						<line hits="1" number="67"/>
						<line hits="1" number="68"/>
						<line hits="1" number="69"/>
						<line hits="1" number="70"/>
						<line hits="1" number="71"/>
						<line hits="1" number="72"/>
						<line hits="0" number="73"/>
						<line hits="0" number="74"/>
						<line hits="0" number="75"/>
						<line hits="0" number="76"/>
						<line hits="1" number="77"/>
						<line hits="1" number="78"/>
						<line hits="1" number="79"/>
						<line hits="1" number="80"/>
						<line hits="0" number="81"/>
						<line hits="0" number="82"/>
						<line hits="0" number="84"/>
						<line hits="1" number="86"/>
						<line hits="1" number="87"/>
						<line hits="1" number="88"/>
						<line hits="1" number="89"/>
						<line hits="1" number="90"/>
						<line hits="1" number="92"/>
						<line hits="1" number="93"/>
						<line hits="1" number="96"/>
						<line hits="1" number="126"/>
						<line hits="1" number="127"/>
						<line hits="0" number="129"/>
						<line hits="1" number="132"/>
						<line hits="1" number="133"/>
						<line hits="1" number="134"/>
						<line hits="1" number="135"/>
						<line hits="1" number="136"/>
						<line hits="1" number="137"/>
						<line hits="1" number="140"/>
						<line hits="1" number="141"/>
						<line hits="1" number="142"/>
						<line hits="0" number="143"/>
						<line hits="1" number="145"/>
						<line hits="1" number="146"/>
						<line hits="1" number="147"/>
						<line hits="1" number="150"/>
						<line hits="0" number="151"/>
						<line hits="0" number="152"/>
						<line hits="0" number="153"/>
						<line hits="1" number="157"/>
						<line hits="1" number="159"/>
						<line hits="1" number="161"/>
						<line hits="1" number="164"/>
						<line hits="0" number="165"/>
						<line hits="0" number="166"/>
						<line hits="0" number="167"/>
						<line hits="0" number="168"/>
						<line hits="0" number="169"/>
						<line hits="0" number="170"/>
						<line hits="0" number="171"/>
						<line hits="0" number="172"/>
						<line hits="0" number="173"/>
						<line hits="0" number="174"/>
						<line hits="0" number="175"/>
						<line hits="0" number="176"/>
						<line hits="1" number="179"/>
						<line hits="1" number="193"/>
						<line hits="1" number="194"/>
						<line hits="1" number="195"/>
						<line hits="0" number="196"/>
						<line hits="0" number="197"/>
						<line hits="0" number="198"/>
						<line hits="0" number="199"/>
						<line hits="0" number="200"/>
						<line hits="0" number="203"/>
						<line hits="0" number="205"/>
						<line hits="0" number="206"/>
						<line hits="1" number="208"/>
						<line hits="1" number="209"/>
						<line hits="1" number="210"/>
						<line hits="0" number="211"/>
						<line hits="0" number="212"/>
						<line hits="0" number="213"/>
						<line hits="1" number="214"/>
						<line hits="1" number="215"/>
						<line hits="1" number="216"/>
						<line hits="1" number="217"/>
						<line hits="1" number="218"/>
						<line hits="1" number="219"/>
						<line hits="1" number="221"/>
						<line hits="1" number="224"/>
						<line hits="1" number="259"/>
						<line hits="1" number="260"/>
						<line hits="1" number="261"/>
						<line hits="1" number="262"/>
						<line hits="1" number="263"/>
						<line hits="1" number="265"/>
						<line hits="1" number="266"/>
						<line hits="1" number="267"/>
						<line hits="1" number="268"/>
						<line hits="1" number="269"/>
						<line hits="1" number="273"/>
						<line hits="1" number="274"/>
						<line hits="1" number="280"/>
						<line hits="1" number="281"/>
						<line hits="1" number="282"/>
						<line hits="0" number="283"/>
						<line hits="0" number="284"/>
						<line hits="1" number="287"/>
						<line hits="1" number="293"/>
						<line hits="1" number="294"/>
						<line hits="1" number="296"/>
						<line hits="1" number="297"/>
						<line hits="1" number="299"/>
						<line hits="1" number="305"/>
						<line hits="1" number="306"/>
						<line hits="1" number="309"/>
						<line hits="1" number="311"/>
						<line hits="1" number="315"/>
						<line hits="1" number="316"/>
						<line hits="1" number="317"/>
						<line hits="1" number="323"/>
						<line hits="1" number="324"/>
						<line hits="1" number="325"/>
						<line hits="1" number="326"/>
						<line hits="1" number="327"/>
						<line hits="1" number="328"/>
						<line hits="1" number="329"/>
						<line hits="1" number="330"/>
						<line hits="1" number="331"/>
						<line hits="1" number="332"/>
						<line hits="1" number="333"/>
						<line hits="1" number="336"/>
						<line hits="1" number="353"/>
						<line hits="1" number="354"/>
						<line hits="1" number="355"/>
						<line hits="1" number="356"/>
						<line hits="1" number="357"/>
						<line hits="1" number="358"/>
						<line hits="1" number="359"/>
						<line hits="1" number="360"/>
						<line hits="1" number="361"/>
						<line hits="1" number="363"/>
						<line hits="1" number="364"/>
						<line hits="1" number="365"/>
						<line hits="1" number="366"/>
						<line hits="1" number="369"/>
						<line hits="1" number="389"/>
						<line hits="1" number="390"/>
						<line hits="1" number="391"/>
						<line hits="1" number="393"/>
						<line hits="1" number="396"/>
						<line hits="1" number="397"/>
						<line hits="1" number="398"/>
						<line hits="1" number="399"/>
						<line hits="1" number="400"/>
						<line hits="1" number="401"/>
						<line hits="1" number="402"/>
						<line hits="1" number="403"/>
						<line hits="1" number="404"/>
						<line hits="1" number="405"/>
						<line hits="1" number="406"/>
						<line hits="1" number="407"/>
						<line hits="1" number="408"/>
						<line hits="1" number="409"/>
						<line hits="1" number="411"/>
						<line hits="1" number="412"/>
						<line hits="1" number="413"/>
						<line hits="1" number="414"/>
						<line hits="1" number="415"/>
						<line hits="1" number="416"/>
						<line hits="1" number="417"/>
						<line hits="1" number="419"/>
						<line hits="1" number="420"/>
						<line hits="1" number="421"/>
						<line hits="1" number="422"/>
						<line hits="1" number="423"/>
						<line hits="1" number="424"/>
						<line hits="1" number="425"/>
						<line hits="1" number="427"/>
						<line hits="1" number="428"/>
						<line hits="1" number="429"/>
						<line hits="1" number="431"/>
						<line hits="1" number="434"/>
						<line hits="1" number="455"/>
						<line hits="1" number="456"/>
						<line hits="1" number="457"/>
						<line hits="1" number="459"/>
						<line hits="1" number="460"/>
						<line hits="1" number="461"/>
						<line hits="1" number="462"/>
						<line hits="1" number="464"/>
						<line hits="1" number="465"/>
						<line hits="1" number="466"/>
						<line hits="1" number="467"/>
						<line hits="0" number="468"/>
						<line hits="1" number="469"/>
						<line hits="1" number="470"/>
						<line hits="1" number="471"/>
						<line hits="1" number="472"/>
						<line hits="1" number="475"/>
						<line hits="1" number="476"/>
						<line hits="1" number="478"/>
						<line hits="1" number="480"/>
						<line hits="1" number="481"/>
						<line hits="1" number="482"/>
						<line hits="1" number="483"/>
						<line hits="1" number="484"/>
						<line hits="1" number="485"/>
						<line hits="1" number="489"/>
						<line hits="1" number="503"/>
						<line hits="1" number="504"/>
						<line hits="1" number="505"/>
						<line hits="1" number="506"/>
						<line hits="1" number="507"/>
						<line hits="1" number="508"/>
						<line hits="1" number="509"/>
						<line hits="1" number="510"/>
						<line hits="1" number="511"/>
						<line hits="1" number="512"/>
						<line hits="1" number="513"/>
						<line hits="1" number="514"/>
						<line hits="1" number="515"/>
						<line hits="1" number="518"/>
						<line hits="1" number="519"/>
						<line hits="1" number="521"/>
						<line hits="1" number="522"/>
						<line hits="1" number="523"/>
						<line hits="1" number="524"/>
						<line hits="1" number="525"/>
						<line hits="1" number="526"/>
						<line hits="1" number="527"/>
						<line hits="1" number="529"/>
						<line hits="1" number="541"/>
						<line hits="1" number="542"/>
						<line hits="1" number="544"/>
						<line hits="1" number="555"/>
						<line hits="1" number="556"/>
						<line hits="1" number="559"/>
						<line hits="1" number="560"/>
						<line hits="1" number="561"/>
						<line hits="0" number="562"/>
						<line hits="0" number="563"/>
						<line hits="1" number="565"/>
						<line hits="1" number="566"/>
						<line hits="1" number="567"/>
						<line hits="1" number="568"/>
						<line hits="1" number="569"/>
						<line hits="1" number="570"/>
						<line hits="1" number="571"/>
						<line hits="1" number="572"/>
						<line hits="1" number="573"/>
						<line hits="1" number="575"/>
						<line hits="1" number="577"/>
						<line hits="1" number="585"/>
						<line hits="1" number="586"/>
						<line hits="1" number="587"/>
						<line hits="1" number="593"/>
						<line hits="1" number="594"/>
						<line hits="1" number="601"/>
						<line hits="1" number="608"/>
						<line hits="1" number="614"/>
						<line hits="1" number="616"/>
						<line hits="1" number="623"/>
						<line hits="1" number="631"/>
						<line hits="1" number="637"/>
						<line hits="1" number="640"/>
						<line hits="1" number="656"/>
						<line hits="1" number="657"/>
						<line hits="1" number="658"/>
						<line hits="1" number="659"/>
						<line hits="1" number="663"/>
						<line hits="1" number="667"/>
						<line hits="1" number="668"/>
						<line hits="1" number="669"/>
						<line hits="1" number="670"/>
						<line hits="1" number="671"/>
						<line hits="1" number="672"/>
						<line hits="1" number="673"/>
						<line hits="1" number="674"/>
						<line hits="0" number="675"/>
						<line hits="1" number="676"/>
					</lines>
				</class>
				<class branch-rate="0" complexity="0" filename="writer.py" line-rate="0.9474" name="writer.py">
					<methods/>
					<lines>
						<line hits="1" number="1"/>
						<line hits="1" number="2"/>
						<line hits="1" number="4"/>
						<line hits="1" number="6"/>
						<line hits="1" number="7"/>
						<line hits="1" number="8"/>
						<line hits="1" number="10"/>
						<line hits="1" number="13"/>
						<line hits="1" number="59"/>
						<line hits="1" number="60"/>
						<line hits="1" number="61"/>
						<line hits="1" number="62"/>
						<line hits="1" number="65"/>
						<line hits="1" number="66"/>
						<line hits="1" number="67"/>
						<line hits="1" number="69"/>
						<line hits="1" number="70"/>
						<line hits="1" number="71"/>
						<line hits="1" number="72"/>
						<line hits="1" number="73"/>
						<line hits="1" number="76"/>
						<line hits="1" number="77"/>
						<line hits="1" number="81"/>
						<line hits="1" number="82"/>
						<line hits="1" number="83"/>
						<line hits="1" number="84"/>
						<line hits="1" number="85"/>
						<line hits="1" number="86"/>
						<line hits="1" number="87"/>
						<line hits="1" number="88"/>
						<line hits="1" number="89"/>
						<line hits="1" number="92"/>
						<line hits="1" number="93"/>
						<line hits="0" number="95"/>
						<line hits="1" number="96"/>
						<line hits="1" number="97"/>
						<line hits="1" number="98"/>
						<line hits="1" number="99"/>
						<line hits="1" number="105"/>
						<line hits="1" number="106"/>
						<line hits="1" number="107"/>
						<line hits="1" number="108"/>
						<line hits="1" number="109"/>
						<line hits="1" number="110"/>
						<line hits="1" number="112"/>
						<line hits="1" number="114"/>
						<line hits="1" number="118"/>
						<line hits="1" number="119"/>
						<line hits="1" number="120"/>
						<line hits="1" number="123"/>
						<line hits="1" number="124"/>
						<line hits="1" number="125"/>
						<line hits="1" number="126"/>
						<line hits="1" number="128"/>
						<line hits="1" number="129"/>
						<line hits="1" number="130"/>
						<line hits="1" number="131"/>
						<line hits="1" number="135"/>
						<line hits="1" number="136"/>
						<line hits="1" number="137"/>
						<line hits="1" number="140"/>
						<line hits="1" number="141"/>
						<line hits="1" number="142"/>
						<line hits="1" number="143"/>
						<line hits="1" number="144"/>
						<line hits="1" number="145"/>
						<line hits="1" number="146"/>
						<line hits="1" number="147"/>
						<line hits="1" number="148"/>
						<line hits="1" number="149"/>
						<line hits="1" number="152"/>
						<line hits="1" number="153"/>
						<line hits="1" number="154"/>
						<line hits="1" number="155"/>
						<line hits="1" number="156"/>
						<line hits="1" number="157"/>
						<line hits="1" number="158"/>
						<line hits="1" number="159"/>
						<line hits="1" number="160"/>
						<line hits="1" number="161"/>
						<line hits="1" number="164"/>
						<line hits="1" number="165"/>
						<line hits="1" number="166"/>
						<line hits="1" number="168"/>
						<line hits="1" number="169"/>
						<line hits="1" number="171"/>
						<line hits="1" number="172"/>
						<line hits="1" number="173"/>
						<line hits="1" number="176"/>
						<line hits="1" number="177"/>
						<line hits="1" number="178"/>
						<line hits="1" number="180"/>
						<line hits="1" number="181"/>
						<line hits="1" number="182"/>
						<line hits="1" number="183"/>
						<line hits="1" number="184"/>
						<line hits="1" number="185"/>
						<line hits="0" number="186"/>
						<line hits="0" number="187"/>
						<line hits="1" number="189"/>
						<line hits="1" number="190"/>
						<line hits="1" number="191"/>
						<line hits="1" number="192"/>
						<line hits="1" number="194"/>
						<line hits="0" number="195"/>
						<line hits="0" number="196"/>
						<line hits="1" number="198"/>
						<line hits="1" number="200"/>
						<line hits="1" number="201"/>
						<line hits="1" number="202"/>
						<line hits="1" number="203"/>
						<line hits="1" number="204"/>
						<line hits="1" number="206"/>
						<line hits="1" number="207"/>
						<line hits="1" number="208"/>
						<line hits="1" number="212"/>
						<line hits="1" number="214"/>
						<line hits="1" number="215"/>
						<line hits="0" number="216"/>
						<line hits="1" number="221"/>
						<line hits="1" number="222"/>
						<line hits="1" number="225"/>
						<line hits="1" number="244"/>
						<line hits="0" number="245"/>
						<line hits="1" number="246"/>
						<line hits="0" number="247"/>
						<line hits="1" number="248"/>
						<line hits="1" number="249"/>
						<line hits="1" number="254"/>
						<line hits="1" number="255"/>
						<line hits="1" number="260"/>
						<line hits="1" number="261"/>
						<line hits="1" number="268"/>
						<line hits="1" number="285"/>
						<line hits="1" number="286"/>
						<line hits="1" number="287"/>
						<line hits="1" number="288"/>
						<line hits="1" number="289"/>
						<line hits="1" number="290"/>
						<line hits="1" number="291"/>
						<line hits="1" number="294"/>
						<line hits="1" number="304"/>
						<line hits="1" number="305"/>
						<line hits="1" number="306"/>
						<line hits="1" number="307"/>
						<line hits="1" number="308"/>
						<line hits="1" number="309"/>
						<line hits="1" number="310"/>
						<line hits="1" number="311"/>
						<line hits="1" number="315"/>
						<line hits="1" number="316"/>
						<line hits="1" number="317"/>
					</lines>
				</class>
			</classes>
		</package>
	</packages>
</coverage>
